<?xml version="1.0" encoding="UTF-8"?>
<testng-results ignored="0" total="1" passed="1" failed="0" skipped="0">
  <reporter-output>
  </reporter-output>
  <suite started-at="2019-08-18T17:15:25Z" name="Default suite" finished-at="2019-08-18T17:15:28Z" duration-ms="2665">
    <groups>
    </groups>
    <test started-at="2019-08-18T17:15:25Z" name="Default test" finished-at="2019-08-18T17:15:28Z" duration-ms="2665">
      <class name="Basics.TC02_POST_Request">
        <test-method signature="registrationApiTest()[pri:0, instance:Basics.TC02_POST_Request@2638011]" started-at="2019-08-18T17:15:26Z" name="registrationApiTest" finished-at="2019-08-18T17:15:28Z" duration-ms="2636" status="PASS">
          <reporter-output>
          </reporter-output>
        </test-method> <!-- registrationApiTest -->
      </class> <!-- Basics.TC02_POST_Request -->
    </test> <!-- Default test -->
  </suite> <!-- Default suite -->
</testng-results>
