<?xml version="1.0" encoding="UTF-8"?>
<testng-results ignored="0" total="2" passed="2" failed="0" skipped="0">
  <reporter-output>
  </reporter-output>
  <suite started-at="2019-10-02T15:23:24Z" name="Default suite" finished-at="2019-10-02T15:23:29Z" duration-ms="4626">
    <groups>
    </groups>
    <test started-at="2019-10-02T15:23:24Z" name="Default test" finished-at="2019-10-02T15:23:29Z" duration-ms="4626">
      <class name="OAuth.OAuth2">
        <test-method signature="OAuthTestInvalid()[pri:0, instance:OAuth.OAuth2@6ff29830]" started-at="2019-10-02T15:23:24Z" name="OAuthTestInvalid" finished-at="2019-10-02T15:23:28Z" duration-ms="3510" status="PASS">
          <reporter-output>
          </reporter-output>
        </test-method> <!-- OAuthTestInvalid -->
        <test-method signature="OAuthTestValid()[pri:0, instance:OAuth.OAuth2@6ff29830]" started-at="2019-10-02T15:23:28Z" name="OAuthTestValid" finished-at="2019-10-02T15:23:29Z" duration-ms="1067" status="PASS">
          <reporter-output>
          </reporter-output>
        </test-method> <!-- OAuthTestValid -->
      </class> <!-- OAuth.OAuth2 -->
    </test> <!-- Default test -->
  </suite> <!-- Default suite -->
</testng-results>
